<?xml version="1.0" encoding="UTF-8"?>
<testsuite xmlns:xsi="http://www.w3.org/2001/XMLSchema-instance" xsi:noNamespaceSchemaLocation="https://maven.apache.org/surefire/maven-surefire-plugin/xsd/surefire-test-report.xsd" name="com.mybatisplus.first.FirstApplicationTests" time="3.317" tests="1" errors="0" skipped="0" failures="0">
  <properties>
    <property name="gopherProxySet" value="false"/>
    <property name="awt.toolkit" value="sun.lwawt.macosx.LWCToolkit"/>
    <property name="file.encoding.pkg" value="sun.io"/>
    <property name="java.specification.version" value="1.8"/>
    <property name="sun.cpu.isalist" value=""/>
    <property name="sun.jnu.encoding" value="UTF-8"/>
    <property name="java.class.path" value="/Users/wangwei/work/me/first/target/test-classes:/Users/wangwei/work/me/first/target/classes:/Applications/IntelliJ IDEA.app/Contents/plugins/maven/lib/maven3/lib/org/springframework/boot/spring-boot-starter-web/2.4.4/spring-boot-starter-web-2.4.4.jar:/Applications/IntelliJ IDEA.app/Contents/plugins/maven/lib/maven3/lib/org/springframework/boot/spring-boot-starter-json/2.4.4/spring-boot-starter-json-2.4.4.jar:/Applications/IntelliJ IDEA.app/Contents/plugins/maven/lib/maven3/lib/com/fasterxml/jackson/core/jackson-databind/2.11.4/jackson-databind-2.11.4.jar:/Applications/IntelliJ IDEA.app/Contents/plugins/maven/lib/maven3/lib/com/fasterxml/jackson/core/jackson-annotations/2.11.4/jackson-annotations-2.11.4.jar:/Applications/IntelliJ IDEA.app/Contents/plugins/maven/lib/maven3/lib/com/fasterxml/jackson/core/jackson-core/2.11.4/jackson-core-2.11.4.jar:/Applications/IntelliJ IDEA.app/Contents/plugins/maven/lib/maven3/lib/com/fasterxml/jackson/datatype/jackson-datatype-jdk8/2.11.4/jackson-datatype-jdk8-2.11.4.jar:/Applications/IntelliJ IDEA.app/Contents/plugins/maven/lib/maven3/lib/com/fasterxml/jackson/datatype/jackson-datatype-jsr310/2.11.4/jackson-datatype-jsr310-2.11.4.jar:/Applications/IntelliJ IDEA.app/Contents/plugins/maven/lib/maven3/lib/com/fasterxml/jackson/module/jackson-module-parameter-names/2.11.4/jackson-module-parameter-names-2.11.4.jar:/Applications/IntelliJ IDEA.app/Contents/plugins/maven/lib/maven3/lib/org/springframework/boot/spring-boot-starter-tomcat/2.4.4/spring-boot-starter-tomcat-2.4.4.jar:/Applications/IntelliJ IDEA.app/Contents/plugins/maven/lib/maven3/lib/org/apache/tomcat/embed/tomcat-embed-core/9.0.44/tomcat-embed-core-9.0.44.jar:/Applications/IntelliJ IDEA.app/Contents/plugins/maven/lib/maven3/lib/org/glassfish/jakarta.el/3.0.3/jakarta.el-3.0.3.jar:/Applications/IntelliJ IDEA.app/Contents/plugins/maven/lib/maven3/lib/org/apache/tomcat/embed/tomcat-embed-websocket/9.0.44/tomcat-embed-websocket-9.0.44.jar:/Applications/IntelliJ IDEA.app/Contents/plugins/maven/lib/maven3/lib/org/springframework/spring-web/5.3.5/spring-web-5.3.5.jar:/Applications/IntelliJ IDEA.app/Contents/plugins/maven/lib/maven3/lib/org/springframework/spring-beans/5.3.5/spring-beans-5.3.5.jar:/Applications/IntelliJ IDEA.app/Contents/plugins/maven/lib/maven3/lib/org/springframework/spring-webmvc/5.3.5/spring-webmvc-5.3.5.jar:/Applications/IntelliJ IDEA.app/Contents/plugins/maven/lib/maven3/lib/org/springframework/spring-aop/5.3.5/spring-aop-5.3.5.jar:/Applications/IntelliJ IDEA.app/Contents/plugins/maven/lib/maven3/lib/org/springframework/spring-context/5.3.5/spring-context-5.3.5.jar:/Applications/IntelliJ IDEA.app/Contents/plugins/maven/lib/maven3/lib/org/springframework/spring-expression/5.3.5/spring-expression-5.3.5.jar:/Applications/IntelliJ IDEA.app/Contents/plugins/maven/lib/maven3/lib/org/springframework/boot/spring-boot-starter/2.4.4/spring-boot-starter-2.4.4.jar:/Applications/IntelliJ IDEA.app/Contents/plugins/maven/lib/maven3/lib/org/springframework/boot/spring-boot/2.4.4/spring-boot-2.4.4.jar:/Applications/IntelliJ IDEA.app/Contents/plugins/maven/lib/maven3/lib/org/springframework/boot/spring-boot-autoconfigure/2.4.4/spring-boot-autoconfigure-2.4.4.jar:/Applications/IntelliJ IDEA.app/Contents/plugins/maven/lib/maven3/lib/org/springframework/boot/spring-boot-starter-logging/2.4.4/spring-boot-starter-logging-2.4.4.jar:/Applications/IntelliJ IDEA.app/Contents/plugins/maven/lib/maven3/lib/ch/qos/logback/logback-classic/1.2.3/logback-classic-1.2.3.jar:/Applications/IntelliJ IDEA.app/Contents/plugins/maven/lib/maven3/lib/ch/qos/logback/logback-core/1.2.3/logback-core-1.2.3.jar:/Applications/IntelliJ IDEA.app/Contents/plugins/maven/lib/maven3/lib/org/apache/logging/log4j/log4j-to-slf4j/2.13.3/log4j-to-slf4j-2.13.3.jar:/Applications/IntelliJ IDEA.app/Contents/plugins/maven/lib/maven3/lib/org/apache/logging/log4j/log4j-api/2.13.3/log4j-api-2.13.3.jar:/Applications/IntelliJ IDEA.app/Contents/plugins/maven/lib/maven3/lib/org/slf4j/jul-to-slf4j/1.7.30/jul-to-slf4j-1.7.30.jar:/Applications/IntelliJ IDEA.app/Contents/plugins/maven/lib/maven3/lib/jakarta/annotation/jakarta.annotation-api/1.3.5/jakarta.annotation-api-1.3.5.jar:/Applications/IntelliJ IDEA.app/Contents/plugins/maven/lib/maven3/lib/org/springframework/spring-core/5.3.5/spring-core-5.3.5.jar:/Applications/IntelliJ IDEA.app/Contents/plugins/maven/lib/maven3/lib/org/springframework/spring-jcl/5.3.5/spring-jcl-5.3.5.jar:/Applications/IntelliJ IDEA.app/Contents/plugins/maven/lib/maven3/lib/org/yaml/snakeyaml/1.27/snakeyaml-1.27.jar:/Applications/IntelliJ IDEA.app/Contents/plugins/maven/lib/maven3/lib/org/springframework/boot/spring-boot-starter-test/2.4.4/spring-boot-starter-test-2.4.4.jar:/Applications/IntelliJ IDEA.app/Contents/plugins/maven/lib/maven3/lib/org/springframework/boot/spring-boot-test/2.4.4/spring-boot-test-2.4.4.jar:/Applications/IntelliJ IDEA.app/Contents/plugins/maven/lib/maven3/lib/org/springframework/boot/spring-boot-test-autoconfigure/2.4.4/spring-boot-test-autoconfigure-2.4.4.jar:/Applications/IntelliJ IDEA.app/Contents/plugins/maven/lib/maven3/lib/com/jayway/jsonpath/json-path/2.4.0/json-path-2.4.0.jar:/Applications/IntelliJ IDEA.app/Contents/plugins/maven/lib/maven3/lib/net/minidev/json-smart/2.3/json-smart-2.3.jar:/Applications/IntelliJ IDEA.app/Contents/plugins/maven/lib/maven3/lib/net/minidev/accessors-smart/1.2/accessors-smart-1.2.jar:/Applications/IntelliJ IDEA.app/Contents/plugins/maven/lib/maven3/lib/org/ow2/asm/asm/5.0.4/asm-5.0.4.jar:/Applications/IntelliJ IDEA.app/Contents/plugins/maven/lib/maven3/lib/org/slf4j/slf4j-api/1.7.30/slf4j-api-1.7.30.jar:/Applications/IntelliJ IDEA.app/Contents/plugins/maven/lib/maven3/lib/jakarta/xml/bind/jakarta.xml.bind-api/2.3.3/jakarta.xml.bind-api-2.3.3.jar:/Applications/IntelliJ IDEA.app/Contents/plugins/maven/lib/maven3/lib/jakarta/activation/jakarta.activation-api/1.2.2/jakarta.activation-api-1.2.2.jar:/Applications/IntelliJ IDEA.app/Contents/plugins/maven/lib/maven3/lib/org/assertj/assertj-core/3.18.1/assertj-core-3.18.1.jar:/Applications/IntelliJ IDEA.app/Contents/plugins/maven/lib/maven3/lib/org/hamcrest/hamcrest/2.2/hamcrest-2.2.jar:/Applications/IntelliJ IDEA.app/Contents/plugins/maven/lib/maven3/lib/org/junit/jupiter/junit-jupiter/5.7.1/junit-jupiter-5.7.1.jar:/Applications/IntelliJ IDEA.app/Contents/plugins/maven/lib/maven3/lib/org/junit/jupiter/junit-jupiter-api/5.7.1/junit-jupiter-api-5.7.1.jar:/Applications/IntelliJ IDEA.app/Contents/plugins/maven/lib/maven3/lib/org/apiguardian/apiguardian-api/1.1.0/apiguardian-api-1.1.0.jar:/Applications/IntelliJ IDEA.app/Contents/plugins/maven/lib/maven3/lib/org/opentest4j/opentest4j/1.2.0/opentest4j-1.2.0.jar:/Applications/IntelliJ IDEA.app/Contents/plugins/maven/lib/maven3/lib/org/junit/platform/junit-platform-commons/1.7.1/junit-platform-commons-1.7.1.jar:/Applications/IntelliJ IDEA.app/Contents/plugins/maven/lib/maven3/lib/org/junit/jupiter/junit-jupiter-params/5.7.1/junit-jupiter-params-5.7.1.jar:/Applications/IntelliJ IDEA.app/Contents/plugins/maven/lib/maven3/lib/org/junit/jupiter/junit-jupiter-engine/5.7.1/junit-jupiter-engine-5.7.1.jar:/Applications/IntelliJ IDEA.app/Contents/plugins/maven/lib/maven3/lib/org/junit/platform/junit-platform-engine/1.7.1/junit-platform-engine-1.7.1.jar:/Applications/IntelliJ IDEA.app/Contents/plugins/maven/lib/maven3/lib/org/mockito/mockito-core/3.6.28/mockito-core-3.6.28.jar:/Applications/IntelliJ IDEA.app/Contents/plugins/maven/lib/maven3/lib/net/bytebuddy/byte-buddy/1.10.22/byte-buddy-1.10.22.jar:/Applications/IntelliJ IDEA.app/Contents/plugins/maven/lib/maven3/lib/net/bytebuddy/byte-buddy-agent/1.10.22/byte-buddy-agent-1.10.22.jar:/Applications/IntelliJ IDEA.app/Contents/plugins/maven/lib/maven3/lib/org/objenesis/objenesis/3.1/objenesis-3.1.jar:/Applications/IntelliJ IDEA.app/Contents/plugins/maven/lib/maven3/lib/org/mockito/mockito-junit-jupiter/3.6.28/mockito-junit-jupiter-3.6.28.jar:/Applications/IntelliJ IDEA.app/Contents/plugins/maven/lib/maven3/lib/org/skyscreamer/jsonassert/1.5.0/jsonassert-1.5.0.jar:/Applications/IntelliJ IDEA.app/Contents/plugins/maven/lib/maven3/lib/com/vaadin/external/google/android-json/0.0.20131108.vaadin1/android-json-0.0.20131108.vaadin1.jar:/Applications/IntelliJ IDEA.app/Contents/plugins/maven/lib/maven3/lib/org/springframework/spring-test/5.3.5/spring-test-5.3.5.jar:/Applications/IntelliJ IDEA.app/Contents/plugins/maven/lib/maven3/lib/org/xmlunit/xmlunit-core/2.7.0/xmlunit-core-2.7.0.jar:/Applications/IntelliJ IDEA.app/Contents/plugins/maven/lib/maven3/lib/com/baomidou/mybatis-plus-boot-starter/3.1.0/mybatis-plus-boot-starter-3.1.0.jar:/Applications/IntelliJ IDEA.app/Contents/plugins/maven/lib/maven3/lib/com/baomidou/mybatis-plus/3.1.0/mybatis-plus-3.1.0.jar:/Applications/IntelliJ IDEA.app/Contents/plugins/maven/lib/maven3/lib/com/baomidou/mybatis-plus-extension/3.1.0/mybatis-plus-extension-3.1.0.jar:/Applications/IntelliJ IDEA.app/Contents/plugins/maven/lib/maven3/lib/com/baomidou/mybatis-plus-core/3.1.0/mybatis-plus-core-3.1.0.jar:/Applications/IntelliJ IDEA.app/Contents/plugins/maven/lib/maven3/lib/com/baomidou/mybatis-plus-annotation/3.1.0/mybatis-plus-annotation-3.1.0.jar:/Applications/IntelliJ IDEA.app/Contents/plugins/maven/lib/maven3/lib/org/mybatis/mybatis/3.5.0/mybatis-3.5.0.jar:/Applications/IntelliJ IDEA.app/Contents/plugins/maven/lib/maven3/lib/com/github/jsqlparser/jsqlparser/1.4/jsqlparser-1.4.jar:/Applications/IntelliJ IDEA.app/Contents/plugins/maven/lib/maven3/lib/org/mybatis/mybatis-spring/2.0.0/mybatis-spring-2.0.0.jar:/Applications/IntelliJ IDEA.app/Contents/plugins/maven/lib/maven3/lib/org/springframework/boot/spring-boot-starter-jdbc/2.4.4/spring-boot-starter-jdbc-2.4.4.jar:/Applications/IntelliJ IDEA.app/Contents/plugins/maven/lib/maven3/lib/com/zaxxer/HikariCP/3.4.5/HikariCP-3.4.5.jar:/Applications/IntelliJ IDEA.app/Contents/plugins/maven/lib/maven3/lib/org/springframework/spring-jdbc/5.3.5/spring-jdbc-5.3.5.jar:/Applications/IntelliJ IDEA.app/Contents/plugins/maven/lib/maven3/lib/org/springframework/spring-tx/5.3.5/spring-tx-5.3.5.jar:/Applications/IntelliJ IDEA.app/Contents/plugins/maven/lib/maven3/lib/org/projectlombok/lombok/1.18.18/lombok-1.18.18.jar:/Applications/IntelliJ IDEA.app/Contents/plugins/maven/lib/maven3/lib/mysql/mysql-connector-java/8.0.23/mysql-connector-java-8.0.23.jar:/Applications/IntelliJ IDEA.app/Contents/plugins/maven/lib/maven3/lib/junit/junit/4.13.2/junit-4.13.2.jar:/Applications/IntelliJ IDEA.app/Contents/plugins/maven/lib/maven3/lib/org/hamcrest/hamcrest-core/2.2/hamcrest-core-2.2.jar:"/>
    <property name="java.vm.vendor" value="Oracle Corporation"/>
    <property name="sun.arch.data.model" value="64"/>
    <property name="java.vendor.url" value="http://java.oracle.com/"/>
    <property name="user.timezone" value=""/>
    <property name="java.vm.specification.version" value="1.8"/>
    <property name="os.name" value="Mac OS X"/>
    <property name="user.country" value="CN"/>
    <property name="sun.java.launcher" value="SUN_STANDARD"/>
    <property name="sun.boot.library.path" value="/Library/Java/JavaVirtualMachines/jdk1.8.0_231.jdk/Contents/Home/jre/lib"/>
    <property name="sun.java.command" value="/Users/wangwei/work/me/first/target/surefire/surefirebooter4293973383160037927.jar /Users/wangwei/work/me/first/target/surefire 2021-05-31T15-06-01_032-jvmRun1 surefire3192091909424392216tmp surefire_06209387127746683787tmp"/>
    <property name="http.nonProxyHosts" value="local|*.local|169.254/16|*.169.254/16"/>
    <property name="surefire.test.class.path" value="/Users/wangwei/work/me/first/target/test-classes:/Users/wangwei/work/me/first/target/classes:/Applications/IntelliJ IDEA.app/Contents/plugins/maven/lib/maven3/lib/org/springframework/boot/spring-boot-starter-web/2.4.4/spring-boot-starter-web-2.4.4.jar:/Applications/IntelliJ IDEA.app/Contents/plugins/maven/lib/maven3/lib/org/springframework/boot/spring-boot-starter-json/2.4.4/spring-boot-starter-json-2.4.4.jar:/Applications/IntelliJ IDEA.app/Contents/plugins/maven/lib/maven3/lib/com/fasterxml/jackson/core/jackson-databind/2.11.4/jackson-databind-2.11.4.jar:/Applications/IntelliJ IDEA.app/Contents/plugins/maven/lib/maven3/lib/com/fasterxml/jackson/core/jackson-annotations/2.11.4/jackson-annotations-2.11.4.jar:/Applications/IntelliJ IDEA.app/Contents/plugins/maven/lib/maven3/lib/com/fasterxml/jackson/core/jackson-core/2.11.4/jackson-core-2.11.4.jar:/Applications/IntelliJ IDEA.app/Contents/plugins/maven/lib/maven3/lib/com/fasterxml/jackson/datatype/jackson-datatype-jdk8/2.11.4/jackson-datatype-jdk8-2.11.4.jar:/Applications/IntelliJ IDEA.app/Contents/plugins/maven/lib/maven3/lib/com/fasterxml/jackson/datatype/jackson-datatype-jsr310/2.11.4/jackson-datatype-jsr310-2.11.4.jar:/Applications/IntelliJ IDEA.app/Contents/plugins/maven/lib/maven3/lib/com/fasterxml/jackson/module/jackson-module-parameter-names/2.11.4/jackson-module-parameter-names-2.11.4.jar:/Applications/IntelliJ IDEA.app/Contents/plugins/maven/lib/maven3/lib/org/springframework/boot/spring-boot-starter-tomcat/2.4.4/spring-boot-starter-tomcat-2.4.4.jar:/Applications/IntelliJ IDEA.app/Contents/plugins/maven/lib/maven3/lib/org/apache/tomcat/embed/tomcat-embed-core/9.0.44/tomcat-embed-core-9.0.44.jar:/Applications/IntelliJ IDEA.app/Contents/plugins/maven/lib/maven3/lib/org/glassfish/jakarta.el/3.0.3/jakarta.el-3.0.3.jar:/Applications/IntelliJ IDEA.app/Contents/plugins/maven/lib/maven3/lib/org/apache/tomcat/embed/tomcat-embed-websocket/9.0.44/tomcat-embed-websocket-9.0.44.jar:/Applications/IntelliJ IDEA.app/Contents/plugins/maven/lib/maven3/lib/org/springframework/spring-web/5.3.5/spring-web-5.3.5.jar:/Applications/IntelliJ IDEA.app/Contents/plugins/maven/lib/maven3/lib/org/springframework/spring-beans/5.3.5/spring-beans-5.3.5.jar:/Applications/IntelliJ IDEA.app/Contents/plugins/maven/lib/maven3/lib/org/springframework/spring-webmvc/5.3.5/spring-webmvc-5.3.5.jar:/Applications/IntelliJ IDEA.app/Contents/plugins/maven/lib/maven3/lib/org/springframework/spring-aop/5.3.5/spring-aop-5.3.5.jar:/Applications/IntelliJ IDEA.app/Contents/plugins/maven/lib/maven3/lib/org/springframework/spring-context/5.3.5/spring-context-5.3.5.jar:/Applications/IntelliJ IDEA.app/Contents/plugins/maven/lib/maven3/lib/org/springframework/spring-expression/5.3.5/spring-expression-5.3.5.jar:/Applications/IntelliJ IDEA.app/Contents/plugins/maven/lib/maven3/lib/org/springframework/boot/spring-boot-starter/2.4.4/spring-boot-starter-2.4.4.jar:/Applications/IntelliJ IDEA.app/Contents/plugins/maven/lib/maven3/lib/org/springframework/boot/spring-boot/2.4.4/spring-boot-2.4.4.jar:/Applications/IntelliJ IDEA.app/Contents/plugins/maven/lib/maven3/lib/org/springframework/boot/spring-boot-autoconfigure/2.4.4/spring-boot-autoconfigure-2.4.4.jar:/Applications/IntelliJ IDEA.app/Contents/plugins/maven/lib/maven3/lib/org/springframework/boot/spring-boot-starter-logging/2.4.4/spring-boot-starter-logging-2.4.4.jar:/Applications/IntelliJ IDEA.app/Contents/plugins/maven/lib/maven3/lib/ch/qos/logback/logback-classic/1.2.3/logback-classic-1.2.3.jar:/Applications/IntelliJ IDEA.app/Contents/plugins/maven/lib/maven3/lib/ch/qos/logback/logback-core/1.2.3/logback-core-1.2.3.jar:/Applications/IntelliJ IDEA.app/Contents/plugins/maven/lib/maven3/lib/org/apache/logging/log4j/log4j-to-slf4j/2.13.3/log4j-to-slf4j-2.13.3.jar:/Applications/IntelliJ IDEA.app/Contents/plugins/maven/lib/maven3/lib/org/apache/logging/log4j/log4j-api/2.13.3/log4j-api-2.13.3.jar:/Applications/IntelliJ IDEA.app/Contents/plugins/maven/lib/maven3/lib/org/slf4j/jul-to-slf4j/1.7.30/jul-to-slf4j-1.7.30.jar:/Applications/IntelliJ IDEA.app/Contents/plugins/maven/lib/maven3/lib/jakarta/annotation/jakarta.annotation-api/1.3.5/jakarta.annotation-api-1.3.5.jar:/Applications/IntelliJ IDEA.app/Contents/plugins/maven/lib/maven3/lib/org/springframework/spring-core/5.3.5/spring-core-5.3.5.jar:/Applications/IntelliJ IDEA.app/Contents/plugins/maven/lib/maven3/lib/org/springframework/spring-jcl/5.3.5/spring-jcl-5.3.5.jar:/Applications/IntelliJ IDEA.app/Contents/plugins/maven/lib/maven3/lib/org/yaml/snakeyaml/1.27/snakeyaml-1.27.jar:/Applications/IntelliJ IDEA.app/Contents/plugins/maven/lib/maven3/lib/org/springframework/boot/spring-boot-starter-test/2.4.4/spring-boot-starter-test-2.4.4.jar:/Applications/IntelliJ IDEA.app/Contents/plugins/maven/lib/maven3/lib/org/springframework/boot/spring-boot-test/2.4.4/spring-boot-test-2.4.4.jar:/Applications/IntelliJ IDEA.app/Contents/plugins/maven/lib/maven3/lib/org/springframework/boot/spring-boot-test-autoconfigure/2.4.4/spring-boot-test-autoconfigure-2.4.4.jar:/Applications/IntelliJ IDEA.app/Contents/plugins/maven/lib/maven3/lib/com/jayway/jsonpath/json-path/2.4.0/json-path-2.4.0.jar:/Applications/IntelliJ IDEA.app/Contents/plugins/maven/lib/maven3/lib/net/minidev/json-smart/2.3/json-smart-2.3.jar:/Applications/IntelliJ IDEA.app/Contents/plugins/maven/lib/maven3/lib/net/minidev/accessors-smart/1.2/accessors-smart-1.2.jar:/Applications/IntelliJ IDEA.app/Contents/plugins/maven/lib/maven3/lib/org/ow2/asm/asm/5.0.4/asm-5.0.4.jar:/Applications/IntelliJ IDEA.app/Contents/plugins/maven/lib/maven3/lib/org/slf4j/slf4j-api/1.7.30/slf4j-api-1.7.30.jar:/Applications/IntelliJ IDEA.app/Contents/plugins/maven/lib/maven3/lib/jakarta/xml/bind/jakarta.xml.bind-api/2.3.3/jakarta.xml.bind-api-2.3.3.jar:/Applications/IntelliJ IDEA.app/Contents/plugins/maven/lib/maven3/lib/jakarta/activation/jakarta.activation-api/1.2.2/jakarta.activation-api-1.2.2.jar:/Applications/IntelliJ IDEA.app/Contents/plugins/maven/lib/maven3/lib/org/assertj/assertj-core/3.18.1/assertj-core-3.18.1.jar:/Applications/IntelliJ IDEA.app/Contents/plugins/maven/lib/maven3/lib/org/hamcrest/hamcrest/2.2/hamcrest-2.2.jar:/Applications/IntelliJ IDEA.app/Contents/plugins/maven/lib/maven3/lib/org/junit/jupiter/junit-jupiter/5.7.1/junit-jupiter-5.7.1.jar:/Applications/IntelliJ IDEA.app/Contents/plugins/maven/lib/maven3/lib/org/junit/jupiter/junit-jupiter-api/5.7.1/junit-jupiter-api-5.7.1.jar:/Applications/IntelliJ IDEA.app/Contents/plugins/maven/lib/maven3/lib/org/apiguardian/apiguardian-api/1.1.0/apiguardian-api-1.1.0.jar:/Applications/IntelliJ IDEA.app/Contents/plugins/maven/lib/maven3/lib/org/opentest4j/opentest4j/1.2.0/opentest4j-1.2.0.jar:/Applications/IntelliJ IDEA.app/Contents/plugins/maven/lib/maven3/lib/org/junit/platform/junit-platform-commons/1.7.1/junit-platform-commons-1.7.1.jar:/Applications/IntelliJ IDEA.app/Contents/plugins/maven/lib/maven3/lib/org/junit/jupiter/junit-jupiter-params/5.7.1/junit-jupiter-params-5.7.1.jar:/Applications/IntelliJ IDEA.app/Contents/plugins/maven/lib/maven3/lib/org/junit/jupiter/junit-jupiter-engine/5.7.1/junit-jupiter-engine-5.7.1.jar:/Applications/IntelliJ IDEA.app/Contents/plugins/maven/lib/maven3/lib/org/junit/platform/junit-platform-engine/1.7.1/junit-platform-engine-1.7.1.jar:/Applications/IntelliJ IDEA.app/Contents/plugins/maven/lib/maven3/lib/org/mockito/mockito-core/3.6.28/mockito-core-3.6.28.jar:/Applications/IntelliJ IDEA.app/Contents/plugins/maven/lib/maven3/lib/net/bytebuddy/byte-buddy/1.10.22/byte-buddy-1.10.22.jar:/Applications/IntelliJ IDEA.app/Contents/plugins/maven/lib/maven3/lib/net/bytebuddy/byte-buddy-agent/1.10.22/byte-buddy-agent-1.10.22.jar:/Applications/IntelliJ IDEA.app/Contents/plugins/maven/lib/maven3/lib/org/objenesis/objenesis/3.1/objenesis-3.1.jar:/Applications/IntelliJ IDEA.app/Contents/plugins/maven/lib/maven3/lib/org/mockito/mockito-junit-jupiter/3.6.28/mockito-junit-jupiter-3.6.28.jar:/Applications/IntelliJ IDEA.app/Contents/plugins/maven/lib/maven3/lib/org/skyscreamer/jsonassert/1.5.0/jsonassert-1.5.0.jar:/Applications/IntelliJ IDEA.app/Contents/plugins/maven/lib/maven3/lib/com/vaadin/external/google/android-json/0.0.20131108.vaadin1/android-json-0.0.20131108.vaadin1.jar:/Applications/IntelliJ IDEA.app/Contents/plugins/maven/lib/maven3/lib/org/springframework/spring-test/5.3.5/spring-test-5.3.5.jar:/Applications/IntelliJ IDEA.app/Contents/plugins/maven/lib/maven3/lib/org/xmlunit/xmlunit-core/2.7.0/xmlunit-core-2.7.0.jar:/Applications/IntelliJ IDEA.app/Contents/plugins/maven/lib/maven3/lib/com/baomidou/mybatis-plus-boot-starter/3.1.0/mybatis-plus-boot-starter-3.1.0.jar:/Applications/IntelliJ IDEA.app/Contents/plugins/maven/lib/maven3/lib/com/baomidou/mybatis-plus/3.1.0/mybatis-plus-3.1.0.jar:/Applications/IntelliJ IDEA.app/Contents/plugins/maven/lib/maven3/lib/com/baomidou/mybatis-plus-extension/3.1.0/mybatis-plus-extension-3.1.0.jar:/Applications/IntelliJ IDEA.app/Contents/plugins/maven/lib/maven3/lib/com/baomidou/mybatis-plus-core/3.1.0/mybatis-plus-core-3.1.0.jar:/Applications/IntelliJ IDEA.app/Contents/plugins/maven/lib/maven3/lib/com/baomidou/mybatis-plus-annotation/3.1.0/mybatis-plus-annotation-3.1.0.jar:/Applications/IntelliJ IDEA.app/Contents/plugins/maven/lib/maven3/lib/org/mybatis/mybatis/3.5.0/mybatis-3.5.0.jar:/Applications/IntelliJ IDEA.app/Contents/plugins/maven/lib/maven3/lib/com/github/jsqlparser/jsqlparser/1.4/jsqlparser-1.4.jar:/Applications/IntelliJ IDEA.app/Contents/plugins/maven/lib/maven3/lib/org/mybatis/mybatis-spring/2.0.0/mybatis-spring-2.0.0.jar:/Applications/IntelliJ IDEA.app/Contents/plugins/maven/lib/maven3/lib/org/springframework/boot/spring-boot-starter-jdbc/2.4.4/spring-boot-starter-jdbc-2.4.4.jar:/Applications/IntelliJ IDEA.app/Contents/plugins/maven/lib/maven3/lib/com/zaxxer/HikariCP/3.4.5/HikariCP-3.4.5.jar:/Applications/IntelliJ IDEA.app/Contents/plugins/maven/lib/maven3/lib/org/springframework/spring-jdbc/5.3.5/spring-jdbc-5.3.5.jar:/Applications/IntelliJ IDEA.app/Contents/plugins/maven/lib/maven3/lib/org/springframework/spring-tx/5.3.5/spring-tx-5.3.5.jar:/Applications/IntelliJ IDEA.app/Contents/plugins/maven/lib/maven3/lib/org/projectlombok/lombok/1.18.18/lombok-1.18.18.jar:/Applications/IntelliJ IDEA.app/Contents/plugins/maven/lib/maven3/lib/mysql/mysql-connector-java/8.0.23/mysql-connector-java-8.0.23.jar:/Applications/IntelliJ IDEA.app/Contents/plugins/maven/lib/maven3/lib/junit/junit/4.13.2/junit-4.13.2.jar:/Applications/IntelliJ IDEA.app/Contents/plugins/maven/lib/maven3/lib/org/hamcrest/hamcrest-core/2.2/hamcrest-core-2.2.jar:"/>
    <property name="sun.cpu.endian" value="little"/>
    <property name="user.home" value="/Users/wangwei"/>
    <property name="user.language" value="zh"/>
    <property name="java.specification.vendor" value="Oracle Corporation"/>
    <property name="java.home" value="/Library/Java/JavaVirtualMachines/jdk1.8.0_231.jdk/Contents/Home/jre"/>
    <property name="basedir" value="/Users/wangwei/work/me/first"/>
    <property name="file.separator" value="/"/>
    <property name="line.separator" value="&#10;"/>
    <property name="java.vm.specification.vendor" value="Oracle Corporation"/>
    <property name="java.specification.name" value="Java Platform API Specification"/>
    <property name="java.awt.graphicsenv" value="sun.awt.CGraphicsEnvironment"/>
    <property name="idea.version2020.1.2" value="true"/>
    <property name="surefire.real.class.path" value="/Users/wangwei/work/me/first/target/surefire/surefirebooter4293973383160037927.jar"/>
    <property name="sun.boot.class.path" value="/Library/Java/JavaVirtualMachines/jdk1.8.0_231.jdk/Contents/Home/jre/lib/resources.jar:/Library/Java/JavaVirtualMachines/jdk1.8.0_231.jdk/Contents/Home/jre/lib/rt.jar:/Library/Java/JavaVirtualMachines/jdk1.8.0_231.jdk/Contents/Home/jre/lib/sunrsasign.jar:/Library/Java/JavaVirtualMachines/jdk1.8.0_231.jdk/Contents/Home/jre/lib/jsse.jar:/Library/Java/JavaVirtualMachines/jdk1.8.0_231.jdk/Contents/Home/jre/lib/jce.jar:/Library/Java/JavaVirtualMachines/jdk1.8.0_231.jdk/Contents/Home/jre/lib/charsets.jar:/Library/Java/JavaVirtualMachines/jdk1.8.0_231.jdk/Contents/Home/jre/lib/jfr.jar:/Library/Java/JavaVirtualMachines/jdk1.8.0_231.jdk/Contents/Home/jre/classes"/>
    <property name="sun.management.compiler" value="HotSpot 64-Bit Tiered Compilers"/>
    <property name="ftp.nonProxyHosts" value="local|*.local|169.254/16|*.169.254/16"/>
    <property name="java.runtime.version" value="1.8.0_231-b11"/>
    <property name="user.name" value="wangwei"/>
    <property name="path.separator" value=":"/>
    <property name="os.version" value="10.15.6"/>
    <property name="java.endorsed.dirs" value="/Library/Java/JavaVirtualMachines/jdk1.8.0_231.jdk/Contents/Home/jre/lib/endorsed"/>
    <property name="java.runtime.name" value="Java(TM) SE Runtime Environment"/>
    <property name="file.encoding" value="UTF-8"/>
    <property name="java.vm.name" value="Java HotSpot(TM) 64-Bit Server VM"/>
    <property name="localRepository" value="/Applications/IntelliJ IDEA.app/Contents/plugins/maven/lib/maven3/lib"/>
    <property name="java.vendor.url.bug" value="http://bugreport.sun.com/bugreport/"/>
    <property name="java.io.tmpdir" value="/var/folders/6h/h5k0hpf15271h9lmjm6sg2x80000gn/T/"/>
    <property name="java.version" value="1.8.0_231"/>
    <property name="user.dir" value="/Users/wangwei/work/me/first"/>
    <property name="os.arch" value="x86_64"/>
    <property name="java.vm.specification.name" value="Java Virtual Machine Specification"/>
    <property name="java.awt.printerjob" value="sun.lwawt.macosx.CPrinterJob"/>
    <property name="sun.os.patch.level" value="unknown"/>
    <property name="java.library.path" value="/Users/wangwei/Library/Java/Extensions:/Library/Java/Extensions:/Network/Library/Java/Extensions:/System/Library/Java/Extensions:/usr/lib/java:."/>
    <property name="java.vm.info" value="mixed mode"/>
    <property name="java.vendor" value="Oracle Corporation"/>
    <property name="java.vm.version" value="25.231-b11"/>
    <property name="java.ext.dirs" value="/Users/wangwei/Library/Java/Extensions:/Library/Java/JavaVirtualMachines/jdk1.8.0_231.jdk/Contents/Home/jre/lib/ext:/Library/Java/Extensions:/Network/Library/Java/Extensions:/System/Library/Java/Extensions:/usr/lib/java"/>
    <property name="sun.io.unicode.encoding" value="UnicodeBig"/>
    <property name="maven.repo.local" value="/Applications/IntelliJ IDEA.app/Contents/plugins/maven/lib/maven3/lib"/>
    <property name="java.class.version" value="52.0"/>
    <property name="socksNonProxyHosts" value="local|*.local|169.254/16|*.169.254/16"/>
  </properties>
  <testcase name="contextLoads" classname="com.mybatisplus.first.FirstApplicationTests" time="0.205"/>
</testsuite>